<?xml version="1.0" encoding="UTF-8"?>
<robot generator="Robot 5.0 (Python 3.10.0 on win32)" generated="20220408 02:57:25.609" rpa="false" schemaversion="3">
<suite id="s1" name="Tests" source="C:\projetos\ProvaPrime\tests">
<suite id="s1-s1" name="NewRegister" source="C:\projetos\ProvaPrime\tests\NewRegister.robot">
<kw name="Start Session" library="base" type="SETUP">
<kw name="New Browser" library="Browser">
<arg>chromium</arg>
<arg>False</arg>
<arg>slowMo=00:00:01</arg>
<tag>BrowserControl</tag>
<tag>Setter</tag>
<doc>Create a new playwright Browser with specified options.</doc>
<msg timestamp="20220408 02:57:27.112" level="INFO">{"browser": "chromium", "headless": false, "handleSIGINT": true, "handleSIGTERM": true, "handleSIGHUP": true, "timeout": 30000.0, "devtools": false, "slowMo": 1000.0, "tracesDir": "C:\\projetos\\ProvaPrime\\logs\\browser\\traces\\86fcdd5e-db1b-45ea-ace4-e22c5ab76f96"}</msg>
<msg timestamp="20220408 02:57:28.777" level="INFO">Successfully created browser with options: {"browser":"chromium","headless":false,"handleSIGINT":true,"handleSIGTERM":true,"handleSIGHUP":true,"timeout":30000,"devtools":false,"slowMo":1000,"tracesDir":"C:\\projetos\\ProvaPrime\\logs\\browser\\traces\\86fcdd5e-db1b-45ea-ace4-e22c5ab76f96"}</msg>
<status status="PASS" starttime="20220408 02:57:27.111" endtime="20220408 02:57:28.777"/>
</kw>
<kw name="New Page" library="Browser">
<arg>about:blank</arg>
<tag>BrowserControl</tag>
<tag>Setter</tag>
<doc>Open a new Page.</doc>
<msg timestamp="20220408 02:57:30.667" level="INFO">Successfully initialized new page object and opened url: about:blank</msg>
<msg timestamp="20220408 02:57:30.667" level="INFO">No context was open. New context was automatically opened when this page is created.</msg>
<status status="PASS" starttime="20220408 02:57:28.777" endtime="20220408 02:57:30.667"/>
</kw>
<kw name="Set Viewport Size" library="Browser">
<arg>1920</arg>
<arg>1080</arg>
<tag>BrowserControl</tag>
<tag>Setter</tag>
<doc>Sets current Pages viewport size to specified dimensions.</doc>
<msg timestamp="20220408 02:57:31.709" level="INFO">Set viewport size to: [object Object]</msg>
<status status="PASS" starttime="20220408 02:57:30.668" endtime="20220408 02:57:31.709"/>
</kw>
<kw name="Go To" library="Browser">
<arg>http://demo.automationtesting.in/Register.html</arg>
<tag>BrowserControl</tag>
<tag>Setter</tag>
<doc>Navigates to the given ``url``.</doc>
<msg timestamp="20220408 02:57:37.020" level="INFO">Successfully opened URL http://demo.automationtesting.in/Register.html</msg>
<status status="PASS" starttime="20220408 02:57:31.710" endtime="20220408 02:57:37.021"/>
</kw>
<status status="PASS" starttime="20220408 02:57:27.110" endtime="20220408 02:57:37.021"/>
</kw>
<test id="s1-s1-t1" name="Preenchimento correto dos campos" line="14">
<kw name="Preenchimento do registro">
<arg>Rafael</arg>
<arg>Cordeiro</arg>
<arg>Rua Pedro</arg>
<arg>rafael@rafael</arg>
<arg>2196988668</arg>
<arg>Portuguese</arg>
<arg>Australia</arg>
<arg>Australia</arg>
<arg>1992</arg>
<arg>April</arg>
<arg>18</arg>
<arg>pr180357</arg>
<arg>pr180357</arg>
<kw name="Quando preencho o formulário &quot;${firstname}&quot;&quot;${lastname}&quot;&quot;${adress}&quot;&quot;${email}&quot;&quot;${phone}&quot;&quot;${languages}&quot;&quot;${country}&quot;&quot;${select_country}&quot;&quot;${year}&quot;&quot;${month}&quot;&quot;${day}&quot;&quot;${password}&quot;&quot;${second_password}&quot;" library="RegisterPage" sourcename="Quando preencho o formulário &quot;${firstname}&quot;&quot;${lastname}&quot;&quot;${adress}&quot;&quot;${email}&quot;&quot;${phone}&quot;&quot;${languages}&quot;&quot;${country}&quot;&quot;${select_country}&quot;&quot;${year}&quot;&quot;${month}&quot;&quot;${day}&quot;&quot;${password}&quot;&quot;${second_password}&quot;">
<kw name="Fill Text" library="Browser">
<arg>${TXT_FIRSTNAME}</arg>
<arg>${firstname}</arg>
<tag>PageContent</tag>
<tag>Setter</tag>
<doc>Clears and fills the given ``txt`` into the text field found by ``selector``.</doc>
<msg timestamp="20220408 02:57:37.039" level="INFO">Fills the text 'Rafael' in the given field.</msg>
<status status="PASS" starttime="20220408 02:57:37.038" endtime="20220408 02:57:38.134"/>
</kw>
<kw name="Fill Text" library="Browser">
<arg>${TXT_LASTNAME}</arg>
<arg>${lastname}</arg>
<tag>PageContent</tag>
<tag>Setter</tag>
<doc>Clears and fills the given ``txt`` into the text field found by ``selector``.</doc>
<msg timestamp="20220408 02:57:38.136" level="INFO">Fills the text 'Cordeiro' in the given field.</msg>
<status status="PASS" starttime="20220408 02:57:38.135" endtime="20220408 02:57:39.196"/>
</kw>
<kw name="Fill Text" library="Browser">
<arg>${TXT_ADRESS}</arg>
<arg>${adress}</arg>
<tag>PageContent</tag>
<tag>Setter</tag>
<doc>Clears and fills the given ``txt`` into the text field found by ``selector``.</doc>
<msg timestamp="20220408 02:57:39.197" level="INFO">Fills the text 'Rua Pedro' in the given field.</msg>
<status status="PASS" starttime="20220408 02:57:39.196" endtime="20220408 02:57:40.244"/>
</kw>
<kw name="Fill Text" library="Browser">
<arg>${TXT_EMAIL}</arg>
<arg>${email}</arg>
<tag>PageContent</tag>
<tag>Setter</tag>
<doc>Clears and fills the given ``txt`` into the text field found by ``selector``.</doc>
<msg timestamp="20220408 02:57:40.245" level="INFO">Fills the text 'rafael@rafael' in the given field.</msg>
<status status="PASS" starttime="20220408 02:57:40.245" endtime="20220408 02:57:41.300"/>
</kw>
<kw name="Fill Text" library="Browser">
<arg>${TXT_PHONE}</arg>
<arg>${phone}</arg>
<tag>PageContent</tag>
<tag>Setter</tag>
<doc>Clears and fills the given ``txt`` into the text field found by ``selector``.</doc>
<msg timestamp="20220408 02:57:41.304" level="INFO">Fills the text '2196988668' in the given field.</msg>
<status status="PASS" starttime="20220408 02:57:41.301" endtime="20220408 02:57:42.370"/>
</kw>
<kw name="Click" library="Browser">
<arg>${LBL_MALE}</arg>
<tag>PageContent</tag>
<tag>Setter</tag>
<doc>Simulates mouse click on the element found by ``selector``.</doc>
<status status="PASS" starttime="20220408 02:57:42.371" endtime="20220408 02:57:43.469"/>
</kw>
<kw name="Click" library="Browser">
<arg>${CHK_CRICKET}</arg>
<tag>PageContent</tag>
<tag>Setter</tag>
<doc>Simulates mouse click on the element found by ``selector``.</doc>
<status status="PASS" starttime="20220408 02:57:43.469" endtime="20220408 02:57:44.518"/>
</kw>
<kw name="Click" library="Browser">
<arg>${CHK_MOVIES}</arg>
<tag>PageContent</tag>
<tag>Setter</tag>
<doc>Simulates mouse click on the element found by ``selector``.</doc>
<status status="PASS" starttime="20220408 02:57:44.518" endtime="20220408 02:57:45.572"/>
</kw>
<kw name="Click" library="Browser">
<arg>${CHK_HOCKEY}</arg>
<tag>PageContent</tag>
<tag>Setter</tag>
<doc>Simulates mouse click on the element found by ``selector``.</doc>
<status status="PASS" starttime="20220408 02:57:45.572" endtime="20220408 02:57:46.636"/>
</kw>
<kw name="Select Options By" library="Browser">
<arg>${TXT_SELECT_COUNTRY}</arg>
<arg>${select_country}</arg>
<tag>PageContent</tag>
<tag>Setter</tag>
<doc>Selects options from select element found by ``selector``.</doc>
<msg timestamp="20220408 02:57:46.638" level="FAIL">ValueError: Argument 'attribute' got value 'Australia' that cannot be converted to SelectAttribute: SelectAttribute does not have member 'Australia'. Available: 'index', 'label', 'text' and 'value'</msg>
<status status="FAIL" starttime="20220408 02:57:46.637" endtime="20220408 02:57:46.639"/>
</kw>
<kw name="Fill Text" library="Browser">
<arg>${TXT_YEAR}</arg>
<arg>${year}</arg>
<tag>PageContent</tag>
<tag>Setter</tag>
<doc>Clears and fills the given ``txt`` into the text field found by ``selector``.</doc>
<status status="NOT RUN" starttime="20220408 02:57:46.640" endtime="20220408 02:57:46.640"/>
</kw>
<kw name="Fill Text" library="Browser">
<arg>${TXT_MONTH}</arg>
<arg>${month}</arg>
<tag>PageContent</tag>
<tag>Setter</tag>
<doc>Clears and fills the given ``txt`` into the text field found by ``selector``.</doc>
<status status="NOT RUN" starttime="20220408 02:57:46.640" endtime="20220408 02:57:46.640"/>
</kw>
<kw name="Fill Text" library="Browser">
<arg>${TXT_DAY}</arg>
<arg>${day}</arg>
<tag>PageContent</tag>
<tag>Setter</tag>
<doc>Clears and fills the given ``txt`` into the text field found by ``selector``.</doc>
<status status="NOT RUN" starttime="20220408 02:57:46.640" endtime="20220408 02:57:46.640"/>
</kw>
<kw name="Fill Text" library="Browser">
<arg>${TXT_PASSWORD}</arg>
<arg>${password}</arg>
<tag>PageContent</tag>
<tag>Setter</tag>
<doc>Clears and fills the given ``txt`` into the text field found by ``selector``.</doc>
<status status="NOT RUN" starttime="20220408 02:57:46.640" endtime="20220408 02:57:46.640"/>
</kw>
<kw name="Fill Text" library="Browser">
<arg>${TXT_SECOND_PASSWORD}</arg>
<arg>${second_password}</arg>
<tag>PageContent</tag>
<tag>Setter</tag>
<doc>Clears and fills the given ``txt`` into the text field found by ``selector``.</doc>
<status status="NOT RUN" starttime="20220408 02:57:46.640" endtime="20220408 02:57:46.640"/>
</kw>
<status status="FAIL" starttime="20220408 02:57:37.037" endtime="20220408 02:57:46.641"/>
</kw>
<kw name="E clico no botão Submit" library="RegisterPage">
<status status="NOT RUN" starttime="20220408 02:57:46.641" endtime="20220408 02:57:46.641"/>
</kw>
<kw name="Então é enviado o formulário" library="RegisterPage">
<status status="NOT RUN" starttime="20220408 02:57:46.642" endtime="20220408 02:57:46.642"/>
</kw>
<status status="FAIL" starttime="20220408 02:57:37.036" endtime="20220408 02:57:46.642"/>
</kw>
<kw name="Finish Test" library="base" type="TEARDOWN">
<kw name="Take Screenshot" library="Browser">
<tag>PageContent</tag>
<doc>Takes a screenshot of the current window or element and saves it to disk.</doc>
<msg timestamp="20220408 02:57:46.990" level="INFO" html="true">&lt;/td&gt;&lt;/tr&gt;&lt;tr&gt;&lt;td colspan="3"&gt;&lt;a href="browser/screenshot/robotframework-browser-screenshot-1.png"&gt;&lt;img src="browser/screenshot/robotframework-browser-screenshot-1.png" width="800px"&gt;&lt;/a&gt;</msg>
<status status="PASS" starttime="20220408 02:57:46.644" endtime="20220408 02:57:46.991"/>
</kw>
<status status="PASS" starttime="20220408 02:57:46.644" endtime="20220408 02:57:46.991"/>
</kw>
<status status="FAIL" starttime="20220408 02:57:37.021" endtime="20220408 02:57:47.020">ValueError: Argument 'attribute' got value 'Australia' that cannot be converted to SelectAttribute: SelectAttribute does not have member 'Australia'. Available: 'index', 'label', 'text' and 'value'</status>
</test>
<doc>New User Test</doc>
<status status="FAIL" starttime="20220408 02:57:25.650" endtime="20220408 02:57:47.040"/>
</suite>
<status status="FAIL" starttime="20220408 02:57:25.611" endtime="20220408 02:57:47.326"/>
</suite>
<statistics>
<total>
<stat pass="0" fail="1" skip="0">All Tests</stat>
</total>
<tag>
</tag>
<suite>
<stat pass="0" fail="1" skip="0" id="s1" name="Tests">Tests</stat>
<stat pass="0" fail="1" skip="0" id="s1-s1" name="NewRegister">Tests.NewRegister</stat>
</suite>
</statistics>
<errors>
</errors>
</robot>
